<?xml version="1.0" encoding="UTF-8"?>
<testsuite name="com.llw.helloworld.ExampleUnitTest" tests="1" skipped="0" failures="0" errors="0" timestamp="2021-07-05T09:09:02" hostname="mi" time="0.001">
  <properties/>
  <testcase name="addition_isCorrect" classname="com.llw.helloworld.ExampleUnitTest" time="0.001"/>
  <system-out><![CDATA[]]></system-out>
  <system-err><![CDATA[]]></system-err>
</testsuite>
